<?xml version="1.0" encoding="UTF-8"?>
<!-- Generated by org.testng.reporters.JUnitReportReporter -->
<testsuite hostname="W2027491" failures="0" tests="2" name="Rest.Trty" time="0.015" errors="0" timestamp="2023-10-09T00:15:54 IST" skipped="0">
  <testcase classname="Rest.Trty" name="day3" time="0.002"/>
  <testcase classname="Rest.Trty" name="day2" time="0.013"/>
</testsuite> <!-- Rest.Trty -->
