<?xml version="1.0" encoding="UTF-8"?>
<!-- Generated by org.testng.reporters.JUnitReportReporter -->
<testsuite hostname="W2027491" failures="0" tests="1" name="Rest.day2" time="0.002" errors="0" timestamp="2023-10-09T00:15:54 IST" skipped="0">
  <testcase classname="Rest.day2" name="remote" time="0.002"/>
</testsuite> <!-- Rest.day2 -->
