<?xml version="1.0" encoding="UTF-8"?>
<!-- Generated by org.testng.reporters.JUnitReportReporter -->
<testsuite hostname="W2027491" failures="0" tests="1" name="com.academy.practice" time="0.032" errors="0" timestamp="2023-10-08T11:38:41 IST" skipped="0">
  <testcase classname="com.academy.practice" name="prctice" time="0.032"/>
  <system-out/>
</testsuite> <!-- com.academy.practice -->
